<?xml version="1.0" encoding="UTF-8"?>
<!-- Generated by org.testng.reporters.JUnitReportReporter -->
<testsuite hostname="DESKTOP-JGDJLNV" failures="0" tests="1" name="API.Ecommerce.orderDetails" time="0.018" errors="0" timestamp="2025-07-12T15:38:31 IST" skipped="0">
  <testcase classname="API.Ecommerce.orderDetails" name="demo" time="0.018"/>
</testsuite> <!-- API.Ecommerce.orderDetails -->
