<?xml version="1.0" encoding="UTF-8"?>
<!-- Generated by org.testng.reporters.JUnitReportReporter -->
<testsuite hostname="DESKTOP-JGDJLNV" failures="0" tests="1" name="API.Ecommerce.dummt" time="5.665" errors="0" timestamp="2025-01-24T17:48:07 IST" skipped="0">
  <testcase classname="API.Ecommerce.dummt" name="loginApi" time="5.665"/>
</testsuite> <!-- API.Ecommerce.dummt -->
