<?xml version="1.0" encoding="UTF-8"?>
<!-- Generated by org.testng.reporters.JUnitReportReporter -->
<testsuite hostname="DESKTOP-JGDJLNV" failures="0" tests="1" name="API.Ecommerce.eCommerceApi" time="6.532" errors="0" timestamp="2025-01-25T18:20:32 IST" skipped="0">
  <testcase classname="API.Ecommerce.eCommerceApi" name="loginApi" time="6.532"/>
</testsuite> <!-- API.Ecommerce.eCommerceApi -->
